Copyright 1986-2020 Xilinx, Inc. All Rights Reserved.
----------------------------------------------------------------------------------------------------------------------------------------------------------------------------
| Tool Version     : Vivado v.2020.2 (win64) Build 3064766 Wed Nov 18 09:12:45 MST 2020
| Date             : Mon Jun  9 09:49:20 2025
| Host             : DESKTOP-7CFQ9ND running 64-bit major release  (build 9200)
| Command          : report_power -file OV7670_VGA_Display_power_routed.rpt -pb OV7670_VGA_Display_power_summary_routed.pb -rpx OV7670_VGA_Display_power_routed.rpx
| Design           : OV7670_VGA_Display
| Device           : xc7a35tcpg236-1
| Design State     : routed
| Grade            : commercial
| Process          : typical
| Characterization : Production
----------------------------------------------------------------------------------------------------------------------------------------------------------------------------

Power Report

Table of Contents
-----------------
1. Summary
1.1 On-Chip Components
1.2 Power Supply Summary
1.3 Confidence Level
2. Settings
2.1 Environment
2.2 Clock Constraints
3. Detailed Reports
3.1 By Hierarchy

1. Summary
----------

+--------------------------+--------------+
| Total On-Chip Power (W)  | 0.220        |
| Design Power Budget (W)  | Unspecified* |
| Power Budget Margin (W)  | NA           |
| Dynamic (W)              | 0.146        |
| Device Static (W)        | 0.074        |
| Effective TJA (C/W)      | 5.0          |
| Max Ambient (C)          | 83.9         |
| Junction Temperature (C) | 26.1         |
| Confidence Level         | Low          |
| Setting File             | ---          |
| Simulation Activity File | ---          |
| Design Nets Matched      | NA           |
+--------------------------+--------------+
* Specify Design Power Budget using, set_operating_conditions -design_power_budget <value in Watts>


1.1 On-Chip Components
----------------------

+--------------------------+-----------+----------+-----------+-----------------+
| On-Chip                  | Power (W) | Used     | Available | Utilization (%) |
+--------------------------+-----------+----------+-----------+-----------------+
| Clocks                   |     0.004 |       10 |       --- |             --- |
| Slice Logic              |     0.011 |    25466 |       --- |             --- |
|   LUT as Logic           |     0.010 |    17220 |     20800 |           82.79 |
|   F7/F8 Muxes            |    <0.001 |     5918 |     32600 |           18.15 |
|   CARRY4                 |    <0.001 |      125 |      8150 |            1.53 |
|   Register               |    <0.001 |      491 |     41600 |            1.18 |
|   LUT as Distributed RAM |    <0.001 |       40 |      9600 |            0.42 |
|   BUFG                   |    <0.001 |        1 |        32 |            3.13 |
|   Others                 |     0.000 |       45 |       --- |             --- |
| Signals                  |     0.010 |    13446 |       --- |             --- |
| Block RAM                |     0.004 |     44.5 |        50 |           89.00 |
| MMCM                     |     0.106 |        1 |         5 |           20.00 |
| I/O                      |     0.011 |       50 |       106 |           47.17 |
| Static Power             |     0.074 |          |           |                 |
| Total                    |     0.220 |          |           |                 |
+--------------------------+-----------+----------+-----------+-----------------+


1.2 Power Supply Summary
------------------------

+-----------+-------------+-----------+-------------+------------+-------------+-------------+------------+
| Source    | Voltage (V) | Total (A) | Dynamic (A) | Static (A) | Powerup (A) | Budget (A)  | Margin (A) |
+-----------+-------------+-----------+-------------+------------+-------------+-------------+------------+
| Vccint    |       1.000 |     0.040 |       0.030 |      0.011 |       NA    | Unspecified | NA         |
| Vccaux    |       1.800 |     0.072 |       0.059 |      0.013 |       NA    | Unspecified | NA         |
| Vcco33    |       3.300 |     0.004 |       0.003 |      0.001 |       NA    | Unspecified | NA         |
| Vcco25    |       2.500 |     0.000 |       0.000 |      0.000 |       NA    | Unspecified | NA         |
| Vcco18    |       1.800 |     0.000 |       0.000 |      0.000 |       NA    | Unspecified | NA         |
| Vcco15    |       1.500 |     0.000 |       0.000 |      0.000 |       NA    | Unspecified | NA         |
| Vcco135   |       1.350 |     0.000 |       0.000 |      0.000 |       NA    | Unspecified | NA         |
| Vcco12    |       1.200 |     0.000 |       0.000 |      0.000 |       NA    | Unspecified | NA         |
| Vccaux_io |       1.800 |     0.000 |       0.000 |      0.000 |       NA    | Unspecified | NA         |
| Vccbram   |       1.000 |     0.002 |       0.000 |      0.001 |       NA    | Unspecified | NA         |
| MGTAVcc   |       1.000 |     0.000 |       0.000 |      0.000 |       NA    | Unspecified | NA         |
| MGTAVtt   |       1.200 |     0.000 |       0.000 |      0.000 |       NA    | Unspecified | NA         |
| Vccadc    |       1.800 |     0.020 |       0.000 |      0.020 |       NA    | Unspecified | NA         |
+-----------+-------------+-----------+-------------+------------+-------------+-------------+------------+


1.3 Confidence Level
--------------------

+-----------------------------+------------+--------------------------------------------------------+--------------------------------------------------------------------------------------------------------------------+
| User Input Data             | Confidence | Details                                                | Action                                                                                                             |
+-----------------------------+------------+--------------------------------------------------------+--------------------------------------------------------------------------------------------------------------------+
| Design implementation state | High       | Design is routed                                       |                                                                                                                    |
| Clock nodes activity        | Medium     | More than 5% of clocks are missing user specification  | Provide missing clock activity with a constraint file, simulation results or by editing the "By Clock Domain" view |
| I/O nodes activity          | Low        | More than 75% of inputs are missing user specification | Provide missing input activity with simulation results or by editing the "By Resource Type -> I/Os" view           |
| Internal nodes activity     | Medium     | User specified less than 25% of internal nodes         | Provide missing internal nodes activity with simulation results or by editing the "By Resource Type" views         |
| Device models               | High       | Device models are Production                           |                                                                                                                    |
|                             |            |                                                        |                                                                                                                    |
| Overall confidence level    | Low        |                                                        |                                                                                                                    |
+-----------------------------+------------+--------------------------------------------------------+--------------------------------------------------------------------------------------------------------------------+


2. Settings
-----------

2.1 Environment
---------------

+-----------------------+--------------------------+
| Ambient Temp (C)      | 25.0                     |
| ThetaJA (C/W)         | 5.0                      |
| Airflow (LFM)         | 250                      |
| Heat Sink             | medium (Medium Profile)  |
| ThetaSA (C/W)         | 4.6                      |
| Board Selection       | medium (10"x10")         |
| # of Board Layers     | 12to15 (12 to 15 Layers) |
| Board Temperature (C) | 25.0                     |
+-----------------------+--------------------------+


2.2 Clock Constraints
---------------------

+------------------------+---------------------------------------+-----------------+
| Clock                  | Domain                                | Constraint (ns) |
+------------------------+---------------------------------------+-----------------+
| clk                    | clk                                   |            10.0 |
| clk_100Mhz_clk_wiz_2   | U_clk_wiz_2/inst/clk_100Mhz_clk_wiz_2 |            10.0 |
| clk_100Mhz_clk_wiz_2_1 | U_clk_wiz_2/inst/clk_100Mhz_clk_wiz_2 |            10.0 |
| clk_25Mhz_clk_wiz_2    | U_clk_wiz_2/inst/clk_25Mhz_clk_wiz_2  |            40.0 |
| clk_25Mhz_clk_wiz_2_1  | U_clk_wiz_2/inst/clk_25Mhz_clk_wiz_2  |            40.0 |
| clkfbout_clk_wiz_2     | U_clk_wiz_2/inst/clkfbout_clk_wiz_2   |            10.0 |
| clkfbout_clk_wiz_2_1   | U_clk_wiz_2/inst/clkfbout_clk_wiz_2   |            10.0 |
| sys_clk_pin            | clk                                   |            10.0 |
+------------------------+---------------------------------------+-----------------+


3. Detailed Reports
-------------------

3.1 By Hierarchy
----------------

+-------------------------+-----------+
| Name                    | Power (W) |
+-------------------------+-----------+
| OV7670_VGA_Display      |     0.146 |
|   U_QVGA_MemController  |     0.007 |
|     U_rom2              |     0.007 |
|   U_VGA_Controller      |     0.012 |
|     U_Pixel_Counter     |     0.012 |
|   U_buzzer_PWM          |     0.001 |
|   U_clk_wiz_2           |     0.106 |
|     inst                |     0.106 |
|   U_frame_buffer_top    |     0.004 |
|     U_Frame_Buffer_real |     0.003 |
+-------------------------+-----------+


